-------------------------------------------------------------------------------
Test set: harry.ClientGUITests
-------------------------------------------------------------------------------
Tests run: 4, Failures: 2, Errors: 0, Skipped: 0, Time elapsed: 9.95 sec <<< FAILURE! - in harry.ClientGUITests
showResponseFromCommandEnteredCorrectly(harry.ClientGUITests)  Time elapsed: 1.918 sec  <<< FAILURE!
java.lang.AssertionError: Check ok server response.
	at harry.ClientGUITests.showResponseFromCommandEnteredCorrectly(ClientGUITests.java:46)

showResponseFromCommandEnteredInCorrectly(harry.ClientGUITests)  Time elapsed: 1.885 sec  <<< FAILURE!
java.lang.AssertionError: Check bad server response.
	at harry.ClientGUITests.showResponseFromCommandEnteredInCorrectly(ClientGUITests.java:85)

